<?xml version="1.0" encoding="UTF-8"?>
<testng-results ignored="0" total="1" passed="1" failed="0" skipped="0">
  <reporter-output>
  </reporter-output>
  <suite started-at="2024-04-01T11:24:47 IST" name="Suite" finished-at="2024-04-01T11:26:12 IST" duration-ms="84326">
    <groups>
      <group name="@regression">
        <method signature="TestCases.vcerifyValidLogin()[pri:0, instance:com.eva.zohoCRM.testCases.TestCases@1573f9fc]" name="vcerifyValidLogin" class="com.eva.zohoCRM.testCases.TestCases"/>
      </group> <!-- @regression -->
    </groups>
    <test started-at="2024-04-01T11:24:47 IST" name="Test" finished-at="2024-04-01T11:26:12 IST" duration-ms="84326">
      <class name="com.eva.zohoCRM.testCases.TestCases">
        <test-method is-config="true" signature="creteReports()[pri:0, instance:com.eva.zohoCRM.testCases.TestCases@1573f9fc]" started-at="2024-04-01T11:24:47 IST" name="creteReports" finished-at="2024-04-01T11:24:48 IST" duration-ms="508" status="PASS">
          <reporter-output>
          </reporter-output>
        </test-method> <!-- creteReports -->
        <test-method signature="vcerifyValidLogin()[pri:0, instance:com.eva.zohoCRM.testCases.TestCases@1573f9fc]" started-at="2024-04-01T11:24:48 IST" name="vcerifyValidLogin" finished-at="2024-04-01T11:26:08 IST" duration-ms="80303" status="PASS">
          <reporter-output>
          </reporter-output>
        </test-method> <!-- vcerifyValidLogin -->
        <test-method is-config="true" signature="teardown(org.testng.ITestResult)[pri:0, instance:com.eva.zohoCRM.testCases.TestCases@1573f9fc]" started-at="2024-04-01T11:26:08 IST" name="teardown" finished-at="2024-04-01T11:26:12 IST" duration-ms="3422" status="PASS">
          <params>
            <param index="0">
              <value>
                <![CDATA[[TestResult name=vcerifyValidLogin status=SUCCESS method=TestCases.vcerifyValidLogin()[pri:0, instance:com.eva.zohoCRM.testCases.TestCases@1573f9fc] output={null}]]]>
              </value>
            </param>
          </params>
          <reporter-output>
          </reporter-output>
        </test-method> <!-- teardown -->
      </class> <!-- com.eva.zohoCRM.testCases.TestCases -->
    </test> <!-- Test -->
  </suite> <!-- Suite -->
</testng-results>
